<?xml version="1.0" encoding="UTF-8"?>
<testng-results skipped="0" failed="0" total="1" passed="1">
  <reporter-output>
  </reporter-output>
  <suite name="Default suite" duration-ms="3710" started-at="2015-02-14T21:16:31Z" finished-at="2015-02-14T21:16:34Z">
    <groups>
    </groups>
    <test name="Default test" duration-ms="3710" started-at="2015-02-14T21:16:31Z" finished-at="2015-02-14T21:16:34Z">
      <class name="com.teletech.test.TeletechTest">
        <test-method status="PASS" signature="teletechBasicTestDataCreation()[pri:0, instance:com.teletech.test.TeletechTest@c38a936]" name="teletechBasicTestDataCreation" duration-ms="3700" started-at="2015-02-14T23:16:31Z" finished-at="2015-02-14T23:16:34Z">
          <reporter-output>
          </reporter-output>
        </test-method> <!-- teletechBasicTestDataCreation -->
      </class> <!-- com.teletech.test.TeletechTest -->
    </test> <!-- Default test -->
  </suite> <!-- Default suite -->
</testng-results>
